<?xml version="1.0" encoding="UTF-8"?>
<!-- Generated by org.testng.reporters.JUnitXMLReporter -->
<testsuite hostname="black-computer" ignored="0" name="Default test" tests="65" failures="0" timestamp="29 Mar 2017 19:22:18 GMT" time="20.45" errors="0">
  <testcase name="testGenerateShouldGenerateExpectedResult" time="1.718" classname="com.helospark.SparkTemplatingPlugin.integration.execution.GetterGeneratorExecutionIT"/>
  <testcase name="testDiContainerInitializeShouldNotThrowAnyExceptions" time="0.008" classname="com.helospark.SparkTemplatingPlugin.integration.dicontainer.DiContainerTest"/>
  <testcase name="testSimple" time="0.011" classname="com.helospark.sparktemplatingplugin.ui.editor.completition.chain.sourceprocessor.RegexMatchingLocalVariableExtractorTest"/>
  <testcase name="testSimple" time="0.005" classname="com.helospark.sparktemplatingplugin.ui.editor.completition.chain.sourceprocessor.RegexMatchingLocalVariableExtractorTest"/>
  <testcase name="testSimple" time="0.004" classname="com.helospark.sparktemplatingplugin.ui.editor.completition.chain.sourceprocessor.RegexMatchingLocalVariableExtractorTest"/>
  <testcase name="testSimple" time="0.005" classname="com.helospark.sparktemplatingplugin.ui.editor.completition.chain.sourceprocessor.RegexMatchingLocalVariableExtractorTest"/>
  <testcase name="testSimple" time="0.02" classname="com.helospark.sparktemplatingplugin.ui.editor.completition.chain.sourceprocessor.RegexMatchingLocalVariableExtractorTest"/>
  <testcase name="testSimple" time="0.015" classname="com.helospark.sparktemplatingplugin.ui.editor.completition.chain.sourceprocessor.InnerBlockRemoverSourceProcessorTest"/>
  <testcase name="testSimple" time="0.021" classname="com.helospark.sparktemplatingplugin.ui.editor.completition.chain.sourceprocessor.InnerBlockRemoverSourceProcessorTest"/>
  <testcase name="testSimple" time="0.003" classname="com.helospark.sparktemplatingplugin.ui.editor.completition.chain.sourceprocessor.NoSourceCleaningSourceProcessorTest"/>
  <testcase name="testSimple" time="0.003" classname="com.helospark.sparktemplatingplugin.ui.editor.completition.chain.sourceprocessor.NoSourceCleaningSourceProcessorTest"/>
  <testcase name="testSimple" time="0.003" classname="com.helospark.sparktemplatingplugin.ui.editor.completition.chain.sourceprocessor.NoSourceCleaningSourceProcessorTest"/>
  <testcase name="testSimple" time="0.003" classname="com.helospark.sparktemplatingplugin.ui.editor.completition.chain.sourceprocessor.NoSourceCleaningSourceProcessorTest"/>
  <testcase name="testSimple" time="0.003" classname="com.helospark.sparktemplatingplugin.ui.editor.completition.chain.sourceprocessor.NoSourceCleaningSourceProcessorTest"/>
  <testcase name="testSimple" time="0.004" classname="com.helospark.sparktemplatingplugin.ui.editor.completition.chain.sourceprocessor.NoSourceCleaningSourceProcessorTest"/>
  <testcase name="testSimple" time="0.003" classname="com.helospark.sparktemplatingplugin.ui.editor.completition.chain.sourceprocessor.NoSourceCleaningSourceProcessorTest"/>
  <testcase name="testSimple" time="0.002" classname="com.helospark.sparktemplatingplugin.ui.editor.completition.chain.sourceprocessor.NoSourceCleaningSourceProcessorTest"/>
  <testcase name="testSimpleStringProgramWithExpectedResult" time="0.018" classname="com.helospark.SparkTemplatingPlugin.integration.execution.SimpleInlineProgramExecutionIT"/>
  <testcase name="testSimpleStringProgramWithExpectedResult" time="0.04" classname="com.helospark.SparkTemplatingPlugin.integration.execution.SimpleInlineProgramExecutionIT"/>
  <testcase name="testSimpleStringProgramWithExpectedResult" time="0.195" classname="com.helospark.SparkTemplatingPlugin.integration.execution.SimpleInlineProgramExecutionIT"/>
  <testcase name="testSimpleStringProgramWithExpectedResult" time="0.084" classname="com.helospark.SparkTemplatingPlugin.integration.execution.SimpleInlineProgramExecutionIT"/>
  <testcase name="testSimpleStringProgramWithExpectedResult" time="0.045" classname="com.helospark.SparkTemplatingPlugin.integration.execution.SimpleInlineProgramExecutionIT"/>
  <testcase name="testSimpleStringProgramWithExpectedResult" time="0.037" classname="com.helospark.SparkTemplatingPlugin.integration.execution.SimpleInlineProgramExecutionIT"/>
  <testcase name="testSimpleStringProgramWithExpectedResult" time="0.042" classname="com.helospark.SparkTemplatingPlugin.integration.execution.SimpleInlineProgramExecutionIT"/>
  <testcase name="testSimpleStringProgramWithExpectedResult" time="0.134" classname="com.helospark.SparkTemplatingPlugin.integration.execution.SimpleInlineProgramExecutionIT"/>
  <testcase name="testSimpleStringProgramWithExpectedResult" time="0.022" classname="com.helospark.SparkTemplatingPlugin.integration.execution.SimpleInlineProgramExecutionIT"/>
  <testcase name="testSimpleStringProgramWithExpectedResult" time="0.018" classname="com.helospark.SparkTemplatingPlugin.integration.execution.SimpleInlineProgramExecutionIT"/>
  <testcase name="testSimpleStringProgramWithExpectedResult" time="0.041" classname="com.helospark.SparkTemplatingPlugin.integration.execution.SimpleInlineProgramExecutionIT"/>
  <testcase name="testSimpleStringProgramWithExpectedResult" time="0.061" classname="com.helospark.SparkTemplatingPlugin.integration.execution.SimpleInlineProgramExecutionIT"/>
  <testcase name="testExportThenImportShouldLoadSameDataAsExported" time="0.352" classname="com.helospark.SparkTemplatingPlugin.integration.exportimport.ExportImportIT"/>
  <testcase name="testInitializeShouldCreateScriptIfDidNotExistEarlier" time="0.008" classname="com.helospark.SparkTemplatingPlugin.integration.examplescript.ExampleScriptInitializationIT"/>
  <testcase name="testInitializeShouldCreateScriptWithOriginalNameWhenScriptWasModifiedAndScriptDoesNotExistWithOriginalCommandName" time="0.007" classname="com.helospark.SparkTemplatingPlugin.integration.examplescript.ExampleScriptInitializationIT"/>
  <testcase name="testInitializeShouldCreateScriptWithUniqueNameWhenScriptWasModifiedAndScriptAlreadyExistWithOriginalCommandName" time="0.005" classname="com.helospark.SparkTemplatingPlugin.integration.examplescript.ExampleScriptInitializationIT"/>
  <testcase name="testInitializeShouldNotCallScriptRepositoryWhenUserHasLatestVersion" time="0.005" classname="com.helospark.SparkTemplatingPlugin.integration.examplescript.ExampleScriptInitializationIT"/>
  <testcase name="testInitializeShouldNotCreateScriptIfAlreadyCreatedInCurrentVersion" time="0.003" classname="com.helospark.SparkTemplatingPlugin.integration.examplescript.ExampleScriptInitializationIT"/>
  <testcase name="testInitializeShouldNotThrowAnyExceptionIfInternallyExceptionOccurres" time="0.03" classname="com.helospark.SparkTemplatingPlugin.integration.examplescript.ExampleScriptInitializationIT"/>
  <testcase name="testInitializeShouldNowThrowException" time="0.018" classname="com.helospark.SparkTemplatingPlugin.integration.examplescript.ExampleScriptInitializationIT"/>
  <testcase name="testInitializeShouldUpdateEarlierRevisionWhenItWasNotModifiedByUser" time="0.011" classname="com.helospark.SparkTemplatingPlugin.integration.examplescript.ExampleScriptInitializationIT"/>
  <testcase name="testInitializeShouldUpdateScriptWhenUserHasEarlierNotModifiedRevision" time="0.002" classname="com.helospark.SparkTemplatingPlugin.integration.examplescript.ExampleScriptInitializationIT"/>
  <testcase name="testFailedContentAssistAtEndOfUserTypeStringShouldNotShowGivenSuggestion" time="8.24" classname="com.helospark.SparkTemplatingPlugin.integration.completition.ContentAssistIT"/>
  <testcase name="testFailedContentAssistAtEndOfUserTypeStringShouldNotShowGivenSuggestion" time="0.008" classname="com.helospark.SparkTemplatingPlugin.integration.completition.ContentAssistIT"/>
  <testcase name="testFailedContentAssistAtEndOfUserTypeStringShouldNotShowGivenSuggestion" time="0.031" classname="com.helospark.SparkTemplatingPlugin.integration.completition.ContentAssistIT"/>
  <testcase name="testFailedContentAssistAtEndOfUserTypeStringShouldNotShowGivenSuggestion" time="0.055" classname="com.helospark.SparkTemplatingPlugin.integration.completition.ContentAssistIT"/>
  <testcase name="testFailedContentAssistAtEndOfUserTypeStringShouldNotShowGivenSuggestion" time="0.005" classname="com.helospark.SparkTemplatingPlugin.integration.completition.ContentAssistIT"/>
  <testcase name="testFailedContentAssistAtEndOfUserTypeStringShouldNotShowGivenSuggestion" time="0.004" classname="com.helospark.SparkTemplatingPlugin.integration.completition.ContentAssistIT"/>
  <testcase name="testFailedContentAssistAtEndOfUserTypeStringShouldNotShowGivenSuggestion" time="0.005" classname="com.helospark.SparkTemplatingPlugin.integration.completition.ContentAssistIT"/>
  <testcase name="testFailedContentAssistAtEndOfUserTypeStringShouldNotShowGivenSuggestion" time="0.004" classname="com.helospark.SparkTemplatingPlugin.integration.completition.ContentAssistIT"/>
  <testcase name="testSuccesfulContentAssistAtEndOfUserTypeString" time="0.004" classname="com.helospark.SparkTemplatingPlugin.integration.completition.ContentAssistIT"/>
  <testcase name="testSuccesfulContentAssistAtEndOfUserTypeString" time="0.003" classname="com.helospark.SparkTemplatingPlugin.integration.completition.ContentAssistIT"/>
  <testcase name="testSuccesfulContentAssistAtEndOfUserTypeString" time="0.005" classname="com.helospark.SparkTemplatingPlugin.integration.completition.ContentAssistIT"/>
  <testcase name="testSuccesfulContentAssistAtEndOfUserTypeString" time="0.004" classname="com.helospark.SparkTemplatingPlugin.integration.completition.ContentAssistIT"/>
  <testcase name="testSuccesfulContentAssistAtEndOfUserTypeString" time="0.004" classname="com.helospark.SparkTemplatingPlugin.integration.completition.ContentAssistIT"/>
  <testcase name="testSuccesfulContentAssistAtEndOfUserTypeString" time="0.004" classname="com.helospark.SparkTemplatingPlugin.integration.completition.ContentAssistIT"/>
  <testcase name="testSuccesfulContentAssistAtEndOfUserTypeString" time="0.004" classname="com.helospark.SparkTemplatingPlugin.integration.completition.ContentAssistIT"/>
  <testcase name="testSuccesfulContentAssistAtEndOfUserTypeString" time="0.003" classname="com.helospark.SparkTemplatingPlugin.integration.completition.ContentAssistIT"/>
  <testcase name="testSuccesfulContentAssistAtEndOfUserTypeString" time="0.005" classname="com.helospark.SparkTemplatingPlugin.integration.completition.ContentAssistIT"/>
  <testcase name="testSuccesfulContentAssistAtEndOfUserTypeString" time="0.034" classname="com.helospark.SparkTemplatingPlugin.integration.completition.ContentAssistIT"/>
  <testcase name="testSuccesfulContentAssistAtEndOfUserTypeString" time="0.011" classname="com.helospark.SparkTemplatingPlugin.integration.completition.ContentAssistIT"/>
  <testcase name="testSuccesfulContentAssistAtEndOfUserTypeString" time="0.009" classname="com.helospark.SparkTemplatingPlugin.integration.completition.ContentAssistIT"/>
  <testcase name="testSuccesfulContentAssistAtEndOfUserTypeString" time="0.023" classname="com.helospark.SparkTemplatingPlugin.integration.completition.ContentAssistIT"/>
  <testcase name="testSuccesfulContentAssistAtEndOfUserTypeString" time="0.014" classname="com.helospark.SparkTemplatingPlugin.integration.completition.ContentAssistIT"/>
  <testcase name="testSuccesfulContentAssistAtEndOfUserTypeString" time="0.006" classname="com.helospark.SparkTemplatingPlugin.integration.completition.ContentAssistIT"/>
  <testcase name="testSuccesfulContentAssistAtEndOfUserTypeString" time="0.008" classname="com.helospark.SparkTemplatingPlugin.integration.completition.ContentAssistIT"/>
  <testcase name="testSuccesfulContentAssistAtEndOfUserTypeString" time="0.004" classname="com.helospark.SparkTemplatingPlugin.integration.completition.ContentAssistIT"/>
  <testcase name="testSuccesfulContentAssistAtEndOfUserTypeString" time="0.006" classname="com.helospark.SparkTemplatingPlugin.integration.completition.ContentAssistIT"/>
</testsuite> <!-- Default test -->
